[23-Sep-2025 14:35:59 Europe/Berlin] process_booking.php accessed - Method: POST
[23-Sep-2025 14:35:59 Europe/Berlin] POST data received: Array
(
    [passengers] => Array
        (
            [0] => Array
                (
                    [name] => Hermione Larson
                    [seat_number] => 3
                    [email] => caluhypime@mailinator.com
                    [phone] => +1 (811) 842-9879
                    [emergency_contact] => 
                )

        )

    [special_requests] => 
    [referral_code] => 
    [terms] => on
)

[23-Sep-2025 14:35:59 Europe/Berlin] Session data: Array
(
    [search] => Array
        (
            [pickup_city_id] => 1
            [dropoff_city_id] => 2
            [departure_date] => 2025-09-23
            [vehicle_type_id] => 1
            [num_seats] => 1
        )

    [pnrs] => Array
        (
            [0] => D75426P
        )

    [credits_used] => 0
    [confirmed_pnrs] => Array
        (
            [0] => D75426P
        )

    [confirmed_trip] => Array
        (
            [virtual_trip_id] => 1-2025-09-25
            [template_id] => 1
            [trip_date] => 2025-09-25
            [num_seats] => 1
            [price] => 5000
            [pickup_city_id] => 1
            [dropoff_city_id] => 2
            [pickup_city] => Abuja
            [dropoff_city] => Jos
            [capacity] => 5
            [vehicle_type] => 5 Seater Car
            [vehicle_number] => CAR001
            [driver_name] => John Doe
            [departure_time] => 07:00:00
            [arrival_time] => 11:00:00
        )

    [confirmed_total_amount] => 5000
    [first_pnr] => D75426P
    [selected_trip] => Array
        (
            [virtual_trip_id] => 2-2025-09-23
            [template_id] => 2
            [trip_date] => 2025-09-23
            [num_seats] => 1
            [price] => 5000
            [pickup_city_id] => 1
            [dropoff_city_id] => 2
            [pickup_city] => Abuja
            [dropoff_city] => Jos
            [capacity] => 5
            [vehicle_type] => 5 Seater Car
            [vehicle_number] => CAR001
            [driver_name] => John Doe
            [departure_time] => 09:00:00
            [arrival_time] => 13:00:00
        )

    [selected_seats] => Array
        (
            [0] => 3
        )

)

[23-Sep-2025 14:35:59 Europe/Berlin] Conflicting seats detected: 3
[23-Sep-2025 14:35:59 Europe/Berlin] Booking creation failed: Sorry, some of your selected seats (3) have been booked by another passenger.
[23-Sep-2025 14:36:39 Europe/Berlin] process_booking.php accessed - Method: POST
[23-Sep-2025 14:36:39 Europe/Berlin] POST data received: Array
(
    [passengers] => Array
        (
            [0] => Array
                (
                    [name] => Hermione Larson
                    [seat_number] => 3
                    [email] => caluhypime@mailinator.com
                    [phone] => +1 (344) 818-6602
                    [emergency_contact] => 
                )

        )

    [special_requests] => 
    [referral_code] => 
    [terms] => on
)

[23-Sep-2025 14:36:39 Europe/Berlin] Session data: Array
(
    [search] => Array
        (
            [pickup_city_id] => 1
            [dropoff_city_id] => 2
            [departure_date] => 2025-09-25
            [vehicle_type_id] => 1
            [num_seats] => 1
        )

    [pnrs] => Array
        (
            [0] => D02487I
        )

    [credits_used] => 0
    [confirmed_pnrs] => Array
        (
            [0] => D02487I
        )

    [confirmed_trip] => Array
        (
            [virtual_trip_id] => 1-2025-09-25
            [template_id] => 1
            [trip_date] => 2025-09-25
            [num_seats] => 1
            [price] => 5000
            [pickup_city_id] => 1
            [dropoff_city_id] => 2
            [pickup_city] => Abuja
            [dropoff_city] => Jos
            [capacity] => 5
            [vehicle_type] => 5 Seater Car
            [vehicle_number] => CAR001
            [driver_name] => John Doe
            [departure_time] => 07:00:00
            [arrival_time] => 11:00:00
        )

    [confirmed_total_amount] => 5000
    [selected_trip] => Array
        (
            [virtual_trip_id] => 2-2025-09-25
            [template_id] => 2
            [trip_date] => 2025-09-25
            [num_seats] => 1
            [price] => 5000
            [pickup_city_id] => 1
            [dropoff_city_id] => 2
            [pickup_city] => Abuja
            [dropoff_city] => Jos
            [capacity] => 5
            [vehicle_type] => 5 Seater Car
            [vehicle_number] => CAR001
            [driver_name] => John Doe
            [departure_time] => 09:00:00
            [arrival_time] => 13:00:00
        )

    [selected_seats] => Array
        (
            [0] => 3
        )

)

[23-Sep-2025 14:36:39 Europe/Berlin] Booking creation failed: No active trip instance found for template_id 2 and date 2025-09-25
[23-Sep-2025 14:39:10 Europe/Berlin] process_booking.php accessed - Method: POST
[23-Sep-2025 14:39:10 Europe/Berlin] POST data received: Array
(
    [passengers] => Array
        (
            [0] => Array
                (
                    [name] => Hermione Larson
                    [seat_number] => 3
                    [email] => diqotebu@mailinator.com
                    [phone] => +1 (479) 472-4882
                    [emergency_contact] => 
                )

        )

    [special_requests] => 
    [referral_code] => 
    [terms] => on
)

[23-Sep-2025 14:39:10 Europe/Berlin] Session data: Array
(
    [search] => Array
        (
            [pickup_city_id] => 1
            [dropoff_city_id] => 2
            [departure_date] => 2025-09-25
            [vehicle_type_id] => 1
            [num_seats] => 1
        )

    [pnrs] => Array
        (
            [0] => D02487I
        )

    [credits_used] => 0
    [confirmed_pnrs] => Array
        (
            [0] => D02487I
        )

    [confirmed_trip] => Array
        (
            [virtual_trip_id] => 1-2025-09-25
            [template_id] => 1
            [trip_date] => 2025-09-25
            [num_seats] => 1
            [price] => 5000
            [pickup_city_id] => 1
            [dropoff_city_id] => 2
            [pickup_city] => Abuja
            [dropoff_city] => Jos
            [capacity] => 5
            [vehicle_type] => 5 Seater Car
            [vehicle_number] => CAR001
            [driver_name] => John Doe
            [departure_time] => 07:00:00
            [arrival_time] => 11:00:00
        )

    [confirmed_total_amount] => 5000
    [selected_trip] => Array
        (
            [virtual_trip_id] => 2-2025-09-25
            [template_id] => 2
            [trip_date] => 2025-09-25
            [num_seats] => 1
            [price] => 5000
            [pickup_city_id] => 1
            [dropoff_city_id] => 2
            [pickup_city] => Abuja
            [dropoff_city] => Jos
            [capacity] => 5
            [vehicle_type] => 5 Seater Car
            [vehicle_number] => CAR001
            [driver_name] => John Doe
            [departure_time] => 09:00:00
            [arrival_time] => 13:00:00
        )

    [selected_seats] => Array
        (
            [0] => 3
        )

    [error] => Failed to create booking. Please try again. Error: No active trip instance found for template_id 2 and date 2025-09-25
)

[23-Sep-2025 14:39:10 Europe/Berlin] Selected trip details: {"virtual_trip_id":"2-2025-09-25","template_id":2,"trip_date":"2025-09-25","num_seats":1,"price":5000,"pickup_city_id":1,"dropoff_city_id":2,"pickup_city":"Abuja","dropoff_city":"Jos","capacity":5,"vehicle_type":"5 Seater Car","vehicle_number":"CAR001","driver_name":"John Doe","departure_time":"09:00:00","arrival_time":"13:00:00"}
[23-Sep-2025 14:39:10 Europe/Berlin] Booking creation failed: Unknown column 'created_at' in 'field list'
[23-Sep-2025 14:44:00 Europe/Berlin] process_booking.php accessed - Method: POST
[23-Sep-2025 14:44:00 Europe/Berlin] POST data received: Array
(
    [passengers] => Array
        (
            [0] => Array
                (
                    [name] => Hermione Larson
                    [seat_number] => 3
                    [email] => caluhypime@mailinator.com
                    [phone] => +1 (811) 842-9879
                    [emergency_contact] => 
                )

        )

    [special_requests] => 
    [referral_code] => 
    [terms] => on
)

[23-Sep-2025 14:44:00 Europe/Berlin] Session data: Array
(
    [search] => Array
        (
            [pickup_city_id] => 1
            [dropoff_city_id] => 2
            [departure_date] => 2025-09-25
            [vehicle_type_id] => 1
            [num_seats] => 1
        )

    [pnrs] => Array
        (
            [0] => D02487I
        )

    [credits_used] => 0
    [confirmed_pnrs] => Array
        (
            [0] => D02487I
        )

    [confirmed_trip] => Array
        (
            [virtual_trip_id] => 1-2025-09-25
            [template_id] => 1
            [trip_date] => 2025-09-25
            [num_seats] => 1
            [price] => 5000
            [pickup_city_id] => 1
            [dropoff_city_id] => 2
            [pickup_city] => Abuja
            [dropoff_city] => Jos
            [capacity] => 5
            [vehicle_type] => 5 Seater Car
            [vehicle_number] => CAR001
            [driver_name] => John Doe
            [departure_time] => 07:00:00
            [arrival_time] => 11:00:00
        )

    [confirmed_total_amount] => 5000
    [selected_trip] => Array
        (
            [virtual_trip_id] => 2-2025-09-25
            [template_id] => 2
            [trip_date] => 2025-09-25
            [num_seats] => 1
            [price] => 5000
            [pickup_city_id] => 1
            [dropoff_city_id] => 2
            [pickup_city] => Abuja
            [dropoff_city] => Jos
            [capacity] => 5
            [vehicle_type] => 5 Seater Car
            [vehicle_number] => CAR001
            [driver_name] => John Doe
            [departure_time] => 09:00:00
            [arrival_time] => 13:00:00
        )

    [selected_seats] => Array
        (
            [0] => 3
        )

    [error] => Failed to create booking. Please try again. Error: Unknown column &#039;created_at&#039; in &#039;field list&#039;
)

[23-Sep-2025 14:44:00 Europe/Berlin] Selected trip details: {"virtual_trip_id":"2-2025-09-25","template_id":2,"trip_date":"2025-09-25","num_seats":1,"price":5000,"pickup_city_id":1,"dropoff_city_id":2,"pickup_city":"Abuja","dropoff_city":"Jos","capacity":5,"vehicle_type":"5 Seater Car","vehicle_number":"CAR001","driver_name":"John Doe","departure_time":"09:00:00","arrival_time":"13:00:00"}
[23-Sep-2025 14:44:00 Europe/Berlin] Created new trip instance with ID: 8 for template_id 2 and trip_date 2025-09-25
[23-Sep-2025 14:44:00 Europe/Berlin] Created booking ID: 25 with PNR: D47826C for passenger: Hermione Larson
[23-Sep-2025 14:44:00 Europe/Berlin] Successfully created 1 bookings: 25
[23-Sep-2025 14:44:00 Europe/Berlin] Total amount to pay (after credits): ₦5000, Credits used: ₦0
[23-Sep-2025 14:44:00 Europe/Berlin] PHP Warning:  Undefined array key "name" in C:\xampp\htdocs\dgctransports\bookings\paystack.php on line 48
[23-Sep-2025 14:44:00 Europe/Berlin] PHP Warning:  Undefined array key "name" in C:\xampp\htdocs\dgctransports\bookings\paystack.php on line 154
[23-Sep-2025 14:44:00 Europe/Berlin] PHP Deprecated:  htmlspecialchars(): Passing null to parameter #1 ($string) of type string is deprecated in C:\xampp\htdocs\dgctransports\bookings\paystack.php on line 154
[23-Sep-2025 14:44:21 Europe/Berlin] verify_payment.php accessed - Method: POST
[23-Sep-2025 14:44:21 Europe/Berlin] POST data: Array
(
    [reference] => DGC_68d296106b604_1758631440
)

[23-Sep-2025 14:44:21 Europe/Berlin] Session data: Array
(
    [search] => Array
        (
            [pickup_city_id] => 1
            [dropoff_city_id] => 2
            [departure_date] => 2025-09-25
            [vehicle_type_id] => 1
            [num_seats] => 1
        )

    [pnrs] => Array
        (
            [0] => D47826C
        )

    [credits_used] => 0
    [confirmed_pnrs] => Array
        (
            [0] => D02487I
        )

    [confirmed_trip] => Array
        (
            [virtual_trip_id] => 1-2025-09-25
            [template_id] => 1
            [trip_date] => 2025-09-25
            [num_seats] => 1
            [price] => 5000
            [pickup_city_id] => 1
            [dropoff_city_id] => 2
            [pickup_city] => Abuja
            [dropoff_city] => Jos
            [capacity] => 5
            [vehicle_type] => 5 Seater Car
            [vehicle_number] => CAR001
            [driver_name] => John Doe
            [departure_time] => 07:00:00
            [arrival_time] => 11:00:00
        )

    [confirmed_total_amount] => 5000
    [selected_trip] => Array
        (
            [virtual_trip_id] => 2-2025-09-25
            [template_id] => 2
            [trip_date] => 2025-09-25
            [num_seats] => 1
            [price] => 5000
            [pickup_city_id] => 1
            [dropoff_city_id] => 2
            [pickup_city] => Abuja
            [dropoff_city] => Jos
            [capacity] => 5
            [vehicle_type] => 5 Seater Car
            [vehicle_number] => CAR001
            [driver_name] => John Doe
            [departure_time] => 09:00:00
            [arrival_time] => 13:00:00
        )

    [selected_seats] => Array
        (
            [0] => 3
        )

    [passenger_details] => Array
        (
            [0] => Array
                (
                    [passenger_name] => Hermione Larson
                    [email] => caluhypime@mailinator.com
                    [phone] => +18118429879
                    [seat_number] => 3
                    [emergency_contact] => 
                    [special_requests] => 
                    [pnr] => D47826C
                    [booking_id] => 25
                )

        )

    [booking_ids] => Array
        (
            [0] => 25
        )

    [total_amount] => 5000
    [payment_reference] => DGC_68d296106b604_1758631440
)

[23-Sep-2025 14:44:22 Europe/Berlin] Updated booking ID 25 to paid and confirmed (ref: DGC_68d296106b604_1758631440)
[23-Sep-2025 14:44:22 Europe/Berlin] Inserted payment for booking ID 25: method=card, ref=DGC_68d296106b604_1758631440, amount=5000
[23-Sep-2025 14:44:22 Europe/Berlin] Preparing to send email with data: {"email":"caluhypime@mailinator.com","passenger_name":"Hermione Larson","pnr":"D47826C","seat_number":"3","total_amount":5000,"payment_method":"card","payment_reference":"DGC_68d296106b604_1758631440","trip":{"pickup_city":"Abuja","dropoff_city":"Jos","trip_date":"2025-09-25","departure_time":"09:00:00","vehicle_type":"5 Seater Car","vehicle_number":"CAR001","driver_name":"John Doe"}}
[23-Sep-2025 14:44:25 Europe/Berlin] Booking confirmation email sent successfully to: caluhypime@mailinator.com
[23-Sep-2025 14:44:25 Europe/Berlin] Booking confirmation email sent successfully to: caluhypime@mailinator.com for PNR D47826C
[27-Sep-2025 03:42:53 Europe/Berlin] process_booking.php accessed - Method: POST
[27-Sep-2025 03:42:53 Europe/Berlin] POST data received: Array
(
    [passengers] => Array
        (
            [0] => Array
                (
                    [name] => VICTOR OLUWASEGUN MAKINDE
                    [seat_number] => 1
                    [email] => zigamakinde@gmail.com
                    [phone] => +2348055614455
                    [emergency_contact] => 
                )

        )

    [special_requests] => 
    [referral_code] => 
    [terms] => on
)

[27-Sep-2025 03:42:53 Europe/Berlin] Session data: Array
(
    [user_id] => 1
    [first_name] => VICTOR OLUWASEGUN
    [last_name] => MAKINDE
    [full_name] => VICTOR OLUWASEGUN MAKINDE
    [email] => zigamakinde@gmail.com
    [is_admin] => 0
    [new_event_id] => 1
    [selected_features] => Array
        (
            [0] => 1
            [1] => 2
            [2] => 3
            [3] => 4
            [4] => 5
            [5] => 6
            [6] => 7
        )

    [qr_code_number] => 9446707509
    [initiated] => 1
    [invite_setup] => Array
        (
            [event_id] => 1
            [batch_id] => 11
            [template_id] => 3
            [email_template_id] => 3
            [whatsapp_template_id] => 0
            [currency_id] => 2
            [amount] => 0.24
            [converted_amount] => 384
            [currency_code] => NGN
            [guests] => 4
            [send_invite_id] => 15
        )

    [payment_reference] => SI_INV_1_1758840067
    [payment_verified] => Array
        (
            [reference] => SI_INV_1_1758840067
            [amount] => 389.85
            [currency] => NGN
            [event_id] => 1
            [batch_id] => 11
            [guests] => 4
            [verified_at] => 1758840082
        )

    [csrf_token] => e29bc9740e2c5cbcae8157ab9fc3dac4f6affa117534efb7014aeb1e59249b25
    [generated_invitations_1_11] => Array
        (
            [0] => Array
                (
                    [Name] => John Doe
                    [Email] => john.doe@example.com
                    [Phone] => 08055614455
                    [Business Name] => Acme Corp
                    [Table Number] => 1
                    [Invite Token] => 53dcccc9a793252d974787ffad425065
                    [Invitation URL] => http://localhost/smartinvites/assets/images/invitations/zircon/John_Doe_2.png
                    [Status] => generated
                )

            [1] => Array
                (
                    [Name] => Jane Smith
                    [Email] => jane.smith@example.com
                    [Phone] => 2348055614455
                    [Business Name] => Tech Ltd
                    [Table Number] => 2
                    [Invite Token] => 90bb50d7af5a02f7762ee8dde9c58133
                    [Invitation URL] => http://localhost/smartinvites/assets/images/invitations/zircon/Jane_Smith_3.png
                    [Status] => generated
                )

            [2] => Array
                (
                    [Name] => Alice Johnson
                    [Email] => alice.j@example.com
                    [Phone] => 2348055614455
                    [Business Name] => Startup Inc
                    [Table Number] => 3
                    [Invite Token] => 85c3bc439231b0ae84080670183d9761
                    [Invitation URL] => http://localhost/smartinvites/assets/images/invitations/zircon/Alice_Johnson_4.png
                    [Status] => generated
                )

            [3] => Array
                (
                    [Name] => Test Victor
                    [Email] => 
                    [Phone] => 
                    [Business Name] => 
                    [Table Number] => 
                    [Invite Token] => ce8a1194da5cf684952efc8db4568c31
                    [Invitation URL] => http://localhost/smartinvites/assets/images/invitations/zircon/Test_Victor_5.png
                    [Status] => generated
                )

            [4] => Array
                (
                    [Name] => John Doe
                    [Email] => john.doe@example.com
                    [Phone] => 08055614455
                    [Business Name] => Acme Corp
                    [Table Number] => 1
                    [Invite Token] => 53dcccc9a793252d974787ffad425065
                    [Invitation URL] => http://localhost/smartinvites/assets/images/invitations/zircon/John_Doe_2.png
                    [Status] => generated
                )

            [5] => Array
                (
                    [Name] => Jane Smith
                    [Email] => jane.smith@example.com
                    [Phone] => 2348055614455
                    [Business Name] => Tech Ltd
                    [Table Number] => 2
                    [Invite Token] => 90bb50d7af5a02f7762ee8dde9c58133
                    [Invitation URL] => http://localhost/smartinvites/assets/images/invitations/zircon/Jane_Smith_3.png
                    [Status] => generated
                )

            [6] => Array
                (
                    [Name] => Alice Johnson
                    [Email] => alice.j@example.com
                    [Phone] => 2348055614455
                    [Business Name] => Startup Inc
                    [Table Number] => 3
                    [Invite Token] => 85c3bc439231b0ae84080670183d9761
                    [Invitation URL] => http://localhost/smartinvites/assets/images/invitations/zircon/Alice_Johnson_4.png
                    [Status] => generated
                )

            [7] => Array
                (
                    [Name] => Test Victor
                    [Email] => 
                    [Phone] => 
                    [Business Name] => 
                    [Table Number] => 
                    [Invite Token] => ce8a1194da5cf684952efc8db4568c31
                    [Invitation URL] => http://localhost/smartinvites/assets/images/invitations/zircon/Test_Victor_5.png
                    [Status] => generated
                )

        )

    [generated_invitations_2_11] => Array
        (
            [0] => Array
                (
                    [Name] => John Doe
                    [Email] => john.doe@example.com
                    [Phone] => 08055614455
                    [Business Name] => Acme Corp
                    [Table Number] => 1
                    [Invite Token] => 53dcccc9a793252d974787ffad425065
                    [Invitation URL] => http://localhost/smartinvites/assets/images/invitations/bonixliquidlegacy/John_Doe_2.png
                    [Status] => generated
                )

            [1] => Array
                (
                    [Name] => Jane Smith
                    [Email] => jane.smith@example.com
                    [Phone] => 2348055614455
                    [Business Name] => Tech Ltd
                    [Table Number] => 2
                    [Invite Token] => 90bb50d7af5a02f7762ee8dde9c58133
                    [Invitation URL] => http://localhost/smartinvites/assets/images/invitations/bonixliquidlegacy/Jane_Smith_3.png
                    [Status] => generated
                )

            [2] => Array
                (
                    [Name] => Alice Johnson
                    [Email] => alice.j@example.com
                    [Phone] => 2348055614455
                    [Business Name] => Startup Inc
                    [Table Number] => 3
                    [Invite Token] => 85c3bc439231b0ae84080670183d9761
                    [Invitation URL] => http://localhost/smartinvites/assets/images/invitations/bonixliquidlegacy/Alice_Johnson_4.png
                    [Status] => generated
                )

            [3] => Array
                (
                    [Name] => Test Victor
                    [Email] => 
                    [Phone] => 
                    [Business Name] => 
                    [Table Number] => 
                    [Invite Token] => ce8a1194da5cf684952efc8db4568c31
                    [Invitation URL] => http://localhost/smartinvites/assets/images/invitations/bonixliquidlegacy/Test_Victor_5.png
                    [Status] => generated
                )

        )

    [search] => Array
        (
            [pickup_city_id] => 1
            [dropoff_city_id] => 2
            [departure_date] => 2025-09-28
            [vehicle_type_id] => 1
            [num_seats] => 1
        )

    [selected_trip] => Array
        (
            [virtual_trip_id] => 3-2025-09-28
            [template_id] => 3
            [trip_date] => 2025-09-28
            [num_seats] => 1
            [price] => 5000
            [pickup_city_id] => 1
            [dropoff_city_id] => 2
            [pickup_city] => Abuja
            [dropoff_city] => Jos
            [capacity] => 5
            [vehicle_type] => 5 Seater Car
            [vehicle_number] => CAR002
            [driver_name] => Jane Smith
            [departure_time] => 12:00:00
            [arrival_time] => 16:00:00
        )

    [selected_seats] => Array
        (
            [0] => 1
        )

)

[27-Sep-2025 03:42:53 Europe/Berlin] Selected trip details: {"virtual_trip_id":"3-2025-09-28","template_id":3,"trip_date":"2025-09-28","num_seats":1,"price":5000,"pickup_city_id":1,"dropoff_city_id":2,"pickup_city":"Abuja","dropoff_city":"Jos","capacity":5,"vehicle_type":"5 Seater Car","vehicle_number":"CAR002","driver_name":"Jane Smith","departure_time":"12:00:00","arrival_time":"16:00:00"}
[27-Sep-2025 03:42:53 Europe/Berlin] Created new trip instance with ID: 9 for template_id 3 and trip_date 2025-09-28
[27-Sep-2025 03:42:53 Europe/Berlin] Created booking ID: 26 with PNR: D07063O for passenger: VICTOR OLUWASEGUN MAKINDE
[27-Sep-2025 03:42:53 Europe/Berlin] Successfully created 1 bookings: 26
[27-Sep-2025 03:42:53 Europe/Berlin] Total amount to pay (after credits): ₦5000, Credits used: ₦0
[27-Sep-2025 03:42:53 Europe/Berlin] PHP Warning:  Undefined array key "name" in C:\xampp\htdocs\dgctransports\bookings\paystack.php on line 48
[27-Sep-2025 03:42:53 Europe/Berlin] PHP Warning:  Undefined array key "name" in C:\xampp\htdocs\dgctransports\bookings\paystack.php on line 154
[27-Sep-2025 03:42:53 Europe/Berlin] PHP Deprecated:  htmlspecialchars(): Passing null to parameter #1 ($string) of type string is deprecated in C:\xampp\htdocs\dgctransports\bookings\paystack.php on line 154
[27-Sep-2025 03:43:07 Europe/Berlin] verify_payment.php accessed - Method: POST
[27-Sep-2025 03:43:07 Europe/Berlin] POST data: Array
(
    [reference] => DGC_68d7411d46917_1758937373
)

[27-Sep-2025 03:43:07 Europe/Berlin] Session data: Array
(
    [user_id] => 1
    [first_name] => VICTOR OLUWASEGUN
    [last_name] => MAKINDE
    [full_name] => VICTOR OLUWASEGUN MAKINDE
    [email] => zigamakinde@gmail.com
    [is_admin] => 0
    [new_event_id] => 1
    [selected_features] => Array
        (
            [0] => 1
            [1] => 2
            [2] => 3
            [3] => 4
            [4] => 5
            [5] => 6
            [6] => 7
        )

    [qr_code_number] => 9446707509
    [initiated] => 1
    [invite_setup] => Array
        (
            [event_id] => 1
            [batch_id] => 11
            [template_id] => 3
            [email_template_id] => 3
            [whatsapp_template_id] => 0
            [currency_id] => 2
            [amount] => 0.24
            [converted_amount] => 384
            [currency_code] => NGN
            [guests] => 4
            [send_invite_id] => 15
        )

    [payment_reference] => DGC_68d7411d46917_1758937373
    [payment_verified] => Array
        (
            [reference] => SI_INV_1_1758840067
            [amount] => 389.85
            [currency] => NGN
            [event_id] => 1
            [batch_id] => 11
            [guests] => 4
            [verified_at] => 1758840082
        )

    [csrf_token] => e29bc9740e2c5cbcae8157ab9fc3dac4f6affa117534efb7014aeb1e59249b25
    [generated_invitations_1_11] => Array
        (
            [0] => Array
                (
                    [Name] => John Doe
                    [Email] => john.doe@example.com
                    [Phone] => 08055614455
                    [Business Name] => Acme Corp
                    [Table Number] => 1
                    [Invite Token] => 53dcccc9a793252d974787ffad425065
                    [Invitation URL] => http://localhost/smartinvites/assets/images/invitations/zircon/John_Doe_2.png
                    [Status] => generated
                )

            [1] => Array
                (
                    [Name] => Jane Smith
                    [Email] => jane.smith@example.com
                    [Phone] => 2348055614455
                    [Business Name] => Tech Ltd
                    [Table Number] => 2
                    [Invite Token] => 90bb50d7af5a02f7762ee8dde9c58133
                    [Invitation URL] => http://localhost/smartinvites/assets/images/invitations/zircon/Jane_Smith_3.png
                    [Status] => generated
                )

            [2] => Array
                (
                    [Name] => Alice Johnson
                    [Email] => alice.j@example.com
                    [Phone] => 2348055614455
                    [Business Name] => Startup Inc
                    [Table Number] => 3
                    [Invite Token] => 85c3bc439231b0ae84080670183d9761
                    [Invitation URL] => http://localhost/smartinvites/assets/images/invitations/zircon/Alice_Johnson_4.png
                    [Status] => generated
                )

            [3] => Array
                (
                    [Name] => Test Victor
                    [Email] => 
                    [Phone] => 
                    [Business Name] => 
                    [Table Number] => 
                    [Invite Token] => ce8a1194da5cf684952efc8db4568c31
                    [Invitation URL] => http://localhost/smartinvites/assets/images/invitations/zircon/Test_Victor_5.png
                    [Status] => generated
                )

            [4] => Array
                (
                    [Name] => John Doe
                    [Email] => john.doe@example.com
                    [Phone] => 08055614455
                    [Business Name] => Acme Corp
                    [Table Number] => 1
                    [Invite Token] => 53dcccc9a793252d974787ffad425065
                    [Invitation URL] => http://localhost/smartinvites/assets/images/invitations/zircon/John_Doe_2.png
                    [Status] => generated
                )

            [5] => Array
                (
                    [Name] => Jane Smith
                    [Email] => jane.smith@example.com
                    [Phone] => 2348055614455
                    [Business Name] => Tech Ltd
                    [Table Number] => 2
                    [Invite Token] => 90bb50d7af5a02f7762ee8dde9c58133
                    [Invitation URL] => http://localhost/smartinvites/assets/images/invitations/zircon/Jane_Smith_3.png
                    [Status] => generated
                )

            [6] => Array
                (
                    [Name] => Alice Johnson
                    [Email] => alice.j@example.com
                    [Phone] => 2348055614455
                    [Business Name] => Startup Inc
                    [Table Number] => 3
                    [Invite Token] => 85c3bc439231b0ae84080670183d9761
                    [Invitation URL] => http://localhost/smartinvites/assets/images/invitations/zircon/Alice_Johnson_4.png
                    [Status] => generated
                )

            [7] => Array
                (
                    [Name] => Test Victor
                    [Email] => 
                    [Phone] => 
                    [Business Name] => 
                    [Table Number] => 
                    [Invite Token] => ce8a1194da5cf684952efc8db4568c31
                    [Invitation URL] => http://localhost/smartinvites/assets/images/invitations/zircon/Test_Victor_5.png
                    [Status] => generated
                )

        )

    [generated_invitations_2_11] => Array
        (
            [0] => Array
                (
                    [Name] => John Doe
                    [Email] => john.doe@example.com
                    [Phone] => 08055614455
                    [Business Name] => Acme Corp
                    [Table Number] => 1
                    [Invite Token] => 53dcccc9a793252d974787ffad425065
                    [Invitation URL] => http://localhost/smartinvites/assets/images/invitations/bonixliquidlegacy/John_Doe_2.png
                    [Status] => generated
                )

            [1] => Array
                (
                    [Name] => Jane Smith
                    [Email] => jane.smith@example.com
                    [Phone] => 2348055614455
                    [Business Name] => Tech Ltd
                    [Table Number] => 2
                    [Invite Token] => 90bb50d7af5a02f7762ee8dde9c58133
                    [Invitation URL] => http://localhost/smartinvites/assets/images/invitations/bonixliquidlegacy/Jane_Smith_3.png
                    [Status] => generated
                )

            [2] => Array
                (
                    [Name] => Alice Johnson
                    [Email] => alice.j@example.com
                    [Phone] => 2348055614455
                    [Business Name] => Startup Inc
                    [Table Number] => 3
                    [Invite Token] => 85c3bc439231b0ae84080670183d9761
                    [Invitation URL] => http://localhost/smartinvites/assets/images/invitations/bonixliquidlegacy/Alice_Johnson_4.png
                    [Status] => generated
                )

            [3] => Array
                (
                    [Name] => Test Victor
                    [Email] => 
                    [Phone] => 
                    [Business Name] => 
                    [Table Number] => 
                    [Invite Token] => ce8a1194da5cf684952efc8db4568c31
                    [Invitation URL] => http://localhost/smartinvites/assets/images/invitations/bonixliquidlegacy/Test_Victor_5.png
                    [Status] => generated
                )

        )

    [search] => Array
        (
            [pickup_city_id] => 1
            [dropoff_city_id] => 2
            [departure_date] => 2025-09-28
            [vehicle_type_id] => 1
            [num_seats] => 1
        )

    [selected_trip] => Array
        (
            [virtual_trip_id] => 3-2025-09-28
            [template_id] => 3
            [trip_date] => 2025-09-28
            [num_seats] => 1
            [price] => 5000
            [pickup_city_id] => 1
            [dropoff_city_id] => 2
            [pickup_city] => Abuja
            [dropoff_city] => Jos
            [capacity] => 5
            [vehicle_type] => 5 Seater Car
            [vehicle_number] => CAR002
            [driver_name] => Jane Smith
            [departure_time] => 12:00:00
            [arrival_time] => 16:00:00
        )

    [selected_seats] => Array
        (
            [0] => 1
        )

    [passenger_details] => Array
        (
            [0] => Array
                (
                    [passenger_name] => VICTOR OLUWASEGUN MAKINDE
                    [email] => zigamakinde@gmail.com
                    [phone] => +2348055614455
                    [seat_number] => 1
                    [emergency_contact] => 
                    [special_requests] => 
                    [pnr] => D07063O
                    [booking_id] => 26
                )

        )

    [booking_ids] => Array
        (
            [0] => 26
        )

    [pnrs] => Array
        (
            [0] => D07063O
        )

    [total_amount] => 5000
    [credits_used] => 0
)

[27-Sep-2025 03:43:09 Europe/Berlin] Updated booking ID 26 to paid and confirmed (ref: DGC_68d7411d46917_1758937373)
[27-Sep-2025 03:43:09 Europe/Berlin] Inserted payment for booking ID 26: method=card, ref=DGC_68d7411d46917_1758937373, amount=5000
[27-Sep-2025 03:43:09 Europe/Berlin] Preparing to send email with data: {"email":"zigamakinde@gmail.com","passenger_name":"VICTOR OLUWASEGUN MAKINDE","pnr":"D07063O","seat_number":"1","total_amount":5000,"payment_method":"card","payment_reference":"DGC_68d7411d46917_1758937373","trip":{"pickup_city":"Abuja","dropoff_city":"Jos","trip_date":"2025-09-28","departure_time":"12:00:00","vehicle_type":"5 Seater Car","vehicle_number":"CAR002","driver_name":"Jane Smith"}}
[27-Sep-2025 03:43:14 Europe/Berlin] Booking confirmation email sent successfully to: zigamakinde@gmail.com
[27-Sep-2025 03:43:14 Europe/Berlin] Booking confirmation email sent successfully to: zigamakinde@gmail.com for PNR D07063O
[27-Sep-2025 03:47:47 Europe/Berlin] PHP Fatal error:  Uncaught ArgumentCountError: The number of elements in the type definition string must match the number of bind variables in C:\xampp\htdocs\dgctransports\bookings\search_trips.php:115
Stack trace:
#0 C:\xampp\htdocs\dgctransports\bookings\search_trips.php(115): mysqli_stmt->bind_param('sssisssssssi', '2025-09-28', '2025-09-28', '2025-09-28', '2025-09-28', 1, 2, 1, '2025-09-28', '2025-09-28', '2025-09-28', '2025-09-28', '2025-09-28', 1)
#1 {main}
  thrown in C:\xampp\htdocs\dgctransports\bookings\search_trips.php on line 115
[27-Sep-2025 03:50:02 Europe/Berlin] PHP Fatal error:  Uncaught ArgumentCountError: The number of elements in the type definition string must match the number of bind variables in C:\xampp\htdocs\dgctransports\bookings\search_trips.php:115
Stack trace:
#0 C:\xampp\htdocs\dgctransports\bookings\search_trips.php(115): mysqli_stmt->bind_param('sssiisssssi', '2025-09-28', '2025-09-28', '2025-09-28', '2025-09-28', 1, 2, 1, '2025-09-28', '2025-09-28', '2025-09-28', '2025-09-28', 1)
#1 {main}
  thrown in C:\xampp\htdocs\dgctransports\bookings\search_trips.php on line 115
[27-Sep-2025 03:52:46 Europe/Berlin] PHP Fatal error:  Uncaught ArgumentCountError: The number of elements in the type definition string must match the number of bind variables in C:\xampp\htdocs\dgctransports\bookings\search_trips.php:115
Stack trace:
#0 C:\xampp\htdocs\dgctransports\bookings\search_trips.php(115): mysqli_stmt->bind_param('ssssiiisssi', '2025-09-28', '2025-09-28', '2025-09-28', '2025-09-28', 1, 2, 1, '2025-09-28', '2025-09-28', '2025-09-28', '2025-09-28', 1)
#1 {main}
  thrown in C:\xampp\htdocs\dgctransports\bookings\search_trips.php on line 115
[27-Sep-2025 03:53:57 Europe/Berlin] PHP Fatal error:  Uncaught ArgumentCountError: The number of elements in the type definition string must match the number of bind variables in C:\xampp\htdocs\dgctransports\bookings\search_trips.php:115
Stack trace:
#0 C:\xampp\htdocs\dgctransports\bookings\search_trips.php(115): mysqli_stmt->bind_param('ssssiiisssi', '2025-09-28', '2025-09-28', '2025-09-28', '2025-09-28', 1, 2, 1, '2025-09-28', '2025-09-28', '2025-09-28', '2025-09-28', 1)
#1 {main}
  thrown in C:\xampp\htdocs\dgctransports\bookings\search_trips.php on line 115
[27-Sep-2025 03:55:40 Europe/Berlin] PHP Fatal error:  Uncaught ArgumentCountError: The number of elements in the type definition string must match the number of bind variables in C:\xampp\htdocs\dgctransports\bookings\search_trips.php:115
Stack trace:
#0 C:\xampp\htdocs\dgctransports\bookings\search_trips.php(115): mysqli_stmt->bind_param('ssssiiisssi', '2025-09-28', '2025-09-28', '2025-09-28', '2025-09-28', 1, 2, 1, '2025-09-28', '2025-09-28', '2025-09-28', '2025-09-28', 1)
#1 {main}
  thrown in C:\xampp\htdocs\dgctransports\bookings\search_trips.php on line 115
[27-Sep-2025 03:57:52 Europe/Berlin] PHP Fatal error:  Uncaught ArgumentCountError: The number of elements in the type definition string must match the number of bind variables in C:\xampp\htdocs\dgctransports\bookings\search_trips.php:119
Stack trace:
#0 C:\xampp\htdocs\dgctransports\bookings\search_trips.php(119): mysqli_stmt->bind_param('sssiissssii', '2025-09-28', '2025-09-28', '2025-09-28', '2025-09-28', 1, 2, 1, '2025-09-28', '2025-09-28', '2025-09-28', '2025-09-28', 1)
#1 {main}
  thrown in C:\xampp\htdocs\dgctransports\bookings\search_trips.php on line 119
[27-Sep-2025 04:02:26 Europe/Berlin] PHP Fatal error:  Uncaught ArgumentCountError: The number of variables must match the number of parameters in the prepared statement in C:\xampp\htdocs\dgctransports\bookings\search_trips.php:119
Stack trace:
#0 C:\xampp\htdocs\dgctransports\bookings\search_trips.php(119): mysqli_stmt->bind_param('ssssiiiisssi', '2025-09-28', '2025-09-28', '2025-09-28', '2025-09-28', 1, 2, 1, '2025-09-28', '2025-09-28', '2025-09-28', '2025-09-28', 1)
#1 {main}
  thrown in C:\xampp\htdocs\dgctransports\bookings\search_trips.php on line 119
[27-Sep-2025 04:05:58 Europe/Berlin] PHP Fatal error:  Uncaught mysqli_sql_exception: Invalid use of group function in C:\xampp\htdocs\dgctransports\bookings\search_trips.php:96
Stack trace:
#0 C:\xampp\htdocs\dgctransports\bookings\search_trips.php(96): mysqli->prepare('\n    SELECT \n  ...')
#1 {main}
  thrown in C:\xampp\htdocs\dgctransports\bookings\search_trips.php on line 96
[27-Sep-2025 04:10:51 Europe/Berlin] PHP Fatal error:  Uncaught mysqli_sql_exception: Table 'dgctransports.seat_bookings' doesn't exist in C:\xampp\htdocs\dgctransports\bookings\search_trips.php:97
Stack trace:
#0 C:\xampp\htdocs\dgctransports\bookings\search_trips.php(97): mysqli->prepare('\n    SELECT \n  ...')
#1 {main}
  thrown in C:\xampp\htdocs\dgctransports\bookings\search_trips.php on line 97
[27-Sep-2025 04:14:51 Europe/Berlin] PHP Fatal error:  Uncaught ArgumentCountError: The number of elements in the type definition string must match the number of bind variables in C:\xampp\htdocs\dgctransports\bookings\search_trips.php:116
Stack trace:
#0 C:\xampp\htdocs\dgctransports\bookings\search_trips.php(116): mysqli_stmt->bind_param('sssiisssssi', '2025-09-28', '2025-09-28', '2025-09-28', '2025-09-28', 1, 2, 1, '2025-09-28', '2025-09-28', '2025-09-28', '2025-09-28', 1)
#1 {main}
  thrown in C:\xampp\htdocs\dgctransports\bookings\search_trips.php on line 116
[27-Sep-2025 15:24:25 Europe/Berlin] process_booking.php accessed - Method: POST
[27-Sep-2025 15:24:25 Europe/Berlin] POST data received: Array
(
    [passengers] => Array
        (
            [0] => Array
                (
                    [name] => Test Staff
                    [seat_number] => 3
                    [email] => staff@dgctransports.com
                    [phone] => +2348055614455
                    [emergency_contact] => 
                )

        )

    [special_requests] => 
    [referral_code] => 
    [terms] => on
)

[27-Sep-2025 15:24:25 Europe/Berlin] Session data: Array
(
    [user_id] => 1
    [first_name] => VICTOR OLUWASEGUN
    [last_name] => MAKINDE
    [full_name] => VICTOR OLUWASEGUN MAKINDE
    [email] => zigamakinde@gmail.com
    [is_admin] => 0
    [new_event_id] => 1
    [selected_features] => Array
        (
            [0] => 1
            [1] => 2
            [2] => 3
            [3] => 4
            [4] => 5
            [5] => 6
            [6] => 7
        )

    [qr_code_number] => 9446707509
    [initiated] => 1
    [invite_setup] => Array
        (
            [event_id] => 1
            [batch_id] => 11
            [template_id] => 6
            [email_template_id] => 3
            [whatsapp_template_id] => 0
            [currency_id] => 2
            [amount] => 0.24
            [converted_amount] => 384
            [currency_code] => NGN
            [guests] => 4
            [send_invite_id] => 25
        )

    [payment_verified] => Array
        (
            [reference] => SI_INV_1_1758840067
            [amount] => 389.85
            [currency] => NGN
            [event_id] => 1
            [batch_id] => 11
            [guests] => 4
            [verified_at] => 1758840082
        )

    [csrf_token] => e29bc9740e2c5cbcae8157ab9fc3dac4f6affa117534efb7014aeb1e59249b25
    [generated_invitations_1_11] => Array
        (
            [0] => Array
                (
                    [Name] => John Doe
                    [Email] => john.doe@example.com
                    [Phone] => 08055614455
                    [Business Name] => Acme Corp
                    [Table Number] => 1
                    [Invite Token] => 53dcccc9a793252d974787ffad425065
                    [Invitation URL] => http://localhost/smartinvites/assets/images/invitations/zircon/John_Doe_2.png
                    [Status] => generated
                )

            [1] => Array
                (
                    [Name] => Jane Smith
                    [Email] => jane.smith@example.com
                    [Phone] => 2348055614455
                    [Business Name] => Tech Ltd
                    [Table Number] => 2
                    [Invite Token] => 90bb50d7af5a02f7762ee8dde9c58133
                    [Invitation URL] => http://localhost/smartinvites/assets/images/invitations/zircon/Jane_Smith_3.png
                    [Status] => generated
                )

            [2] => Array
                (
                    [Name] => Alice Johnson
                    [Email] => alice.j@example.com
                    [Phone] => 2348055614455
                    [Business Name] => Startup Inc
                    [Table Number] => 3
                    [Invite Token] => 85c3bc439231b0ae84080670183d9761
                    [Invitation URL] => http://localhost/smartinvites/assets/images/invitations/zircon/Alice_Johnson_4.png
                    [Status] => generated
                )

            [3] => Array
                (
                    [Name] => Test Victor
                    [Email] => 
                    [Phone] => 
                    [Business Name] => 
                    [Table Number] => 
                    [Invite Token] => ce8a1194da5cf684952efc8db4568c31
                    [Invitation URL] => http://localhost/smartinvites/assets/images/invitations/zircon/Test_Victor_5.png
                    [Status] => generated
                )

            [4] => Array
                (
                    [Name] => John Doe
                    [Email] => john.doe@example.com
                    [Phone] => 08055614455
                    [Business Name] => Acme Corp
                    [Table Number] => 1
                    [Invite Token] => 53dcccc9a793252d974787ffad425065
                    [Invitation URL] => http://localhost/smartinvites/assets/images/invitations/zircon/John_Doe_2.png
                    [Status] => generated
                )

            [5] => Array
                (
                    [Name] => Jane Smith
                    [Email] => jane.smith@example.com
                    [Phone] => 2348055614455
                    [Business Name] => Tech Ltd
                    [Table Number] => 2
                    [Invite Token] => 90bb50d7af5a02f7762ee8dde9c58133
                    [Invitation URL] => http://localhost/smartinvites/assets/images/invitations/zircon/Jane_Smith_3.png
                    [Status] => generated
                )

            [6] => Array
                (
                    [Name] => Alice Johnson
                    [Email] => alice.j@example.com
                    [Phone] => 2348055614455
                    [Business Name] => Startup Inc
                    [Table Number] => 3
                    [Invite Token] => 85c3bc439231b0ae84080670183d9761
                    [Invitation URL] => http://localhost/smartinvites/assets/images/invitations/zircon/Alice_Johnson_4.png
                    [Status] => generated
                )

            [7] => Array
                (
                    [Name] => Test Victor
                    [Email] => 
                    [Phone] => 
                    [Business Name] => 
                    [Table Number] => 
                    [Invite Token] => ce8a1194da5cf684952efc8db4568c31
                    [Invitation URL] => http://localhost/smartinvites/assets/images/invitations/zircon/Test_Victor_5.png
                    [Status] => generated
                )

            [8] => Array
                (
                    [Name] => John Doe
                    [Email] => john.doe@example.com
                    [Phone] => 08055614455
                    [Business Name] => Acme Corp
                    [Table Number] => 1
                    [Invite Token] => 53dcccc9a793252d974787ffad425065
                    [Invitation URL] => http://localhost/smartinvites/assets/images/invitations/zircon/John_Doe_2.png
                    [Status] => generated
                )

            [9] => Array
                (
                    [Name] => Jane Smith
                    [Email] => jane.smith@example.com
                    [Phone] => 2348055614455
                    [Business Name] => Tech Ltd
                    [Table Number] => 2
                    [Invite Token] => 90bb50d7af5a02f7762ee8dde9c58133
                    [Invitation URL] => http://localhost/smartinvites/assets/images/invitations/zircon/Jane_Smith_3.png
                    [Status] => generated
                )

            [10] => Array
                (
                    [Name] => Alice Johnson
                    [Email] => alice.j@example.com
                    [Phone] => 2348055614455
                    [Business Name] => Startup Inc
                    [Table Number] => 3
                    [Invite Token] => 85c3bc439231b0ae84080670183d9761
                    [Invitation URL] => http://localhost/smartinvites/assets/images/invitations/zircon/Alice_Johnson_4.png
                    [Status] => generated
                )

            [11] => Array
                (
                    [Name] => Test Victor
                    [Email] => 
                    [Phone] => 
                    [Business Name] => 
                    [Table Number] => 
                    [Invite Token] => ce8a1194da5cf684952efc8db4568c31
                    [Invitation URL] => http://localhost/smartinvites/assets/images/invitations/zircon/Test_Victor_5.png
                    [Status] => generated
                )

            [12] => Array
                (
                    [Name] => John Doe
                    [Email] => john.doe@example.com
                    [Phone] => 08055614455
                    [Business Name] => Acme Corp
                    [Table Number] => 1
                    [Invite Token] => 53dcccc9a793252d974787ffad425065
                    [Invitation URL] => http://localhost/smartinvites/assets/images/invitations/zircon/John_Doe_2.png
                    [Status] => generated
                )

            [13] => Array
                (
                    [Name] => Jane Smith
                    [Email] => jane.smith@example.com
                    [Phone] => 2348055614455
                    [Business Name] => Tech Ltd
                    [Table Number] => 2
                    [Invite Token] => 90bb50d7af5a02f7762ee8dde9c58133
                    [Invitation URL] => http://localhost/smartinvites/assets/images/invitations/zircon/Jane_Smith_3.png
                    [Status] => generated
                )

            [14] => Array
                (
                    [Name] => Alice Johnson
                    [Email] => alice.j@example.com
                    [Phone] => 2348055614455
                    [Business Name] => Startup Inc
                    [Table Number] => 3
                    [Invite Token] => 85c3bc439231b0ae84080670183d9761
                    [Invitation URL] => http://localhost/smartinvites/assets/images/invitations/zircon/Alice_Johnson_4.png
                    [Status] => generated
                )

            [15] => Array
                (
                    [Name] => Test Victor
                    [Email] => 
                    [Phone] => 
                    [Business Name] => 
                    [Table Number] => 
                    [Invite Token] => ce8a1194da5cf684952efc8db4568c31
                    [Invitation URL] => http://localhost/smartinvites/assets/images/invitations/zircon/Test_Victor_5.png
                    [Status] => generated
                )

        )

    [generated_invitations_2_11] => Array
        (
            [0] => Array
                (
                    [Name] => John Doe
                    [Email] => john.doe@example.com
                    [Phone] => 08055614455
                    [Business Name] => Acme Corp
                    [Table Number] => 1
                    [Invite Token] => 53dcccc9a793252d974787ffad425065
                    [Invitation URL] => http://localhost/smartinvites/assets/images/invitations/bonixliquidlegacy/John_Doe_2.png
                    [Status] => generated
                )

            [1] => Array
                (
                    [Name] => Jane Smith
                    [Email] => jane.smith@example.com
                    [Phone] => 2348055614455
                    [Business Name] => Tech Ltd
                    [Table Number] => 2
                    [Invite Token] => 90bb50d7af5a02f7762ee8dde9c58133
                    [Invitation URL] => http://localhost/smartinvites/assets/images/invitations/bonixliquidlegacy/Jane_Smith_3.png
                    [Status] => generated
                )

            [2] => Array
                (
                    [Name] => Alice Johnson
                    [Email] => alice.j@example.com
                    [Phone] => 2348055614455
                    [Business Name] => Startup Inc
                    [Table Number] => 3
                    [Invite Token] => 85c3bc439231b0ae84080670183d9761
                    [Invitation URL] => http://localhost/smartinvites/assets/images/invitations/bonixliquidlegacy/Alice_Johnson_4.png
                    [Status] => generated
                )

            [3] => Array
                (
                    [Name] => Test Victor
                    [Email] => 
                    [Phone] => 
                    [Business Name] => 
                    [Table Number] => 
                    [Invite Token] => ce8a1194da5cf684952efc8db4568c31
                    [Invitation URL] => http://localhost/smartinvites/assets/images/invitations/bonixliquidlegacy/Test_Victor_5.png
                    [Status] => generated
                )

        )

    [search] => Array
        (
            [pickup_city_id] => 1
            [dropoff_city_id] => 2
            [departure_date] => 2025-09-27
            [vehicle_type_id] => 1
            [num_seats] => 1
        )

    [pnrs] => Array
        (
            [0] => D07063O
        )

    [credits_used] => 0
    [confirmed_pnrs] => Array
        (
            [0] => D07063O
        )

    [confirmed_trip] => Array
        (
            [virtual_trip_id] => 3-2025-09-28
            [template_id] => 3
            [trip_date] => 2025-09-28
            [num_seats] => 1
            [price] => 5000
            [pickup_city_id] => 1
            [dropoff_city_id] => 2
            [pickup_city] => Abuja
            [dropoff_city] => Jos
            [capacity] => 5
            [vehicle_type] => 5 Seater Car
            [vehicle_number] => CAR002
            [driver_name] => Jane Smith
            [departure_time] => 12:00:00
            [arrival_time] => 16:00:00
        )

    [confirmed_total_amount] => 5000
    [first_pnr] => D07063O
    [user] => Array
        (
            [id] => 4
            [first_name] => Test
            [last_name] => Staff
            [email] => staff@dgctransports.com
            [phone] => 
            [password] => $2y$10$bbNBCbptITTVK1ewAkDcQOUIdc1MSrDL.lJCZSu5R0VllJ9I06UZK
            [role] => staff
            [created_at] => 2025-09-23 10:50:02
            [affiliate_id] => 
            [credits] => 0.00
        )

    [selected_trip] => Array
        (
            [virtual_trip_id] => 2-2025-09-27
            [template_id] => 2
            [trip_date] => 2025-09-27
            [num_seats] => 1
            [price] => 5000
            [pickup_city_id] => 1
            [dropoff_city_id] => 2
            [pickup_city] => Abuja
            [dropoff_city] => Jos
            [capacity] => 5
            [vehicle_type] => 5 Seater Car
            [vehicle_number] => CAR001
            [driver_name] => John Doe
            [departure_time] => 09:00:00
            [arrival_time] => 13:00:00
        )

    [selected_seats] => Array
        (
            [0] => 3
        )

)

[27-Sep-2025 15:24:25 Europe/Berlin] Selected trip details: {"virtual_trip_id":"2-2025-09-27","template_id":2,"trip_date":"2025-09-27","num_seats":1,"price":5000,"pickup_city_id":1,"dropoff_city_id":2,"pickup_city":"Abuja","dropoff_city":"Jos","capacity":5,"vehicle_type":"5 Seater Car","vehicle_number":"CAR001","driver_name":"John Doe","departure_time":"09:00:00","arrival_time":"13:00:00"}
[27-Sep-2025 15:24:25 Europe/Berlin] Created new trip instance with ID: 10 for template_id 2 and trip_date 2025-09-27
[27-Sep-2025 15:24:25 Europe/Berlin] Created booking ID: 27 with PNR: D80447T for passenger: Test Staff
[27-Sep-2025 15:24:25 Europe/Berlin] Successfully created 1 bookings: 27
[27-Sep-2025 15:24:25 Europe/Berlin] Total amount to pay (after credits): ₦5000, Credits used: ₦0
[27-Sep-2025 15:24:25 Europe/Berlin] PHP Warning:  Undefined array key "name" in C:\xampp\htdocs\dgctransports\bookings\paystack.php on line 48
[27-Sep-2025 15:24:25 Europe/Berlin] PHP Warning:  Undefined array key "name" in C:\xampp\htdocs\dgctransports\bookings\paystack.php on line 154
[27-Sep-2025 15:24:25 Europe/Berlin] PHP Deprecated:  htmlspecialchars(): Passing null to parameter #1 ($string) of type string is deprecated in C:\xampp\htdocs\dgctransports\bookings\paystack.php on line 154
[27-Sep-2025 15:24:35 Europe/Berlin] verify_payment.php accessed - Method: POST
[27-Sep-2025 15:24:35 Europe/Berlin] POST data: Array
(
    [reference] => DGC_68d7e58954649_1758979465
)

[27-Sep-2025 15:24:35 Europe/Berlin] Session data: Array
(
    [user_id] => 1
    [first_name] => VICTOR OLUWASEGUN
    [last_name] => MAKINDE
    [full_name] => VICTOR OLUWASEGUN MAKINDE
    [email] => zigamakinde@gmail.com
    [is_admin] => 0
    [new_event_id] => 1
    [selected_features] => Array
        (
            [0] => 1
            [1] => 2
            [2] => 3
            [3] => 4
            [4] => 5
            [5] => 6
            [6] => 7
        )

    [qr_code_number] => 9446707509
    [initiated] => 1
    [invite_setup] => Array
        (
            [event_id] => 1
            [batch_id] => 11
            [template_id] => 6
            [email_template_id] => 3
            [whatsapp_template_id] => 0
            [currency_id] => 2
            [amount] => 0.24
            [converted_amount] => 384
            [currency_code] => NGN
            [guests] => 4
            [send_invite_id] => 25
        )

    [payment_verified] => Array
        (
            [reference] => SI_INV_1_1758840067
            [amount] => 389.85
            [currency] => NGN
            [event_id] => 1
            [batch_id] => 11
            [guests] => 4
            [verified_at] => 1758840082
        )

    [csrf_token] => e29bc9740e2c5cbcae8157ab9fc3dac4f6affa117534efb7014aeb1e59249b25
    [generated_invitations_1_11] => Array
        (
            [0] => Array
                (
                    [Name] => John Doe
                    [Email] => john.doe@example.com
                    [Phone] => 08055614455
                    [Business Name] => Acme Corp
                    [Table Number] => 1
                    [Invite Token] => 53dcccc9a793252d974787ffad425065
                    [Invitation URL] => http://localhost/smartinvites/assets/images/invitations/zircon/John_Doe_2.png
                    [Status] => generated
                )

            [1] => Array
                (
                    [Name] => Jane Smith
                    [Email] => jane.smith@example.com
                    [Phone] => 2348055614455
                    [Business Name] => Tech Ltd
                    [Table Number] => 2
                    [Invite Token] => 90bb50d7af5a02f7762ee8dde9c58133
                    [Invitation URL] => http://localhost/smartinvites/assets/images/invitations/zircon/Jane_Smith_3.png
                    [Status] => generated
                )

            [2] => Array
                (
                    [Name] => Alice Johnson
                    [Email] => alice.j@example.com
                    [Phone] => 2348055614455
                    [Business Name] => Startup Inc
                    [Table Number] => 3
                    [Invite Token] => 85c3bc439231b0ae84080670183d9761
                    [Invitation URL] => http://localhost/smartinvites/assets/images/invitations/zircon/Alice_Johnson_4.png
                    [Status] => generated
                )

            [3] => Array
                (
                    [Name] => Test Victor
                    [Email] => 
                    [Phone] => 
                    [Business Name] => 
                    [Table Number] => 
                    [Invite Token] => ce8a1194da5cf684952efc8db4568c31
                    [Invitation URL] => http://localhost/smartinvites/assets/images/invitations/zircon/Test_Victor_5.png
                    [Status] => generated
                )

            [4] => Array
                (
                    [Name] => John Doe
                    [Email] => john.doe@example.com
                    [Phone] => 08055614455
                    [Business Name] => Acme Corp
                    [Table Number] => 1
                    [Invite Token] => 53dcccc9a793252d974787ffad425065
                    [Invitation URL] => http://localhost/smartinvites/assets/images/invitations/zircon/John_Doe_2.png
                    [Status] => generated
                )

            [5] => Array
                (
                    [Name] => Jane Smith
                    [Email] => jane.smith@example.com
                    [Phone] => 2348055614455
                    [Business Name] => Tech Ltd
                    [Table Number] => 2
                    [Invite Token] => 90bb50d7af5a02f7762ee8dde9c58133
                    [Invitation URL] => http://localhost/smartinvites/assets/images/invitations/zircon/Jane_Smith_3.png
                    [Status] => generated
                )

            [6] => Array
                (
                    [Name] => Alice Johnson
                    [Email] => alice.j@example.com
                    [Phone] => 2348055614455
                    [Business Name] => Startup Inc
                    [Table Number] => 3
                    [Invite Token] => 85c3bc439231b0ae84080670183d9761
                    [Invitation URL] => http://localhost/smartinvites/assets/images/invitations/zircon/Alice_Johnson_4.png
                    [Status] => generated
                )

            [7] => Array
                (
                    [Name] => Test Victor
                    [Email] => 
                    [Phone] => 
                    [Business Name] => 
                    [Table Number] => 
                    [Invite Token] => ce8a1194da5cf684952efc8db4568c31
                    [Invitation URL] => http://localhost/smartinvites/assets/images/invitations/zircon/Test_Victor_5.png
                    [Status] => generated
                )

            [8] => Array
                (
                    [Name] => John Doe
                    [Email] => john.doe@example.com
                    [Phone] => 08055614455
                    [Business Name] => Acme Corp
                    [Table Number] => 1
                    [Invite Token] => 53dcccc9a793252d974787ffad425065
                    [Invitation URL] => http://localhost/smartinvites/assets/images/invitations/zircon/John_Doe_2.png
                    [Status] => generated
                )

            [9] => Array
                (
                    [Name] => Jane Smith
                    [Email] => jane.smith@example.com
                    [Phone] => 2348055614455
                    [Business Name] => Tech Ltd
                    [Table Number] => 2
                    [Invite Token] => 90bb50d7af5a02f7762ee8dde9c58133
                    [Invitation URL] => http://localhost/smartinvites/assets/images/invitations/zircon/Jane_Smith_3.png
                    [Status] => generated
                )

            [10] => Array
                (
                    [Name] => Alice Johnson
                    [Email] => alice.j@example.com
                    [Phone] => 2348055614455
                    [Business Name] => Startup Inc
                    [Table Number] => 3
                    [Invite Token] => 85c3bc439231b0ae84080670183d9761
                    [Invitation URL] => http://localhost/smartinvites/assets/images/invitations/zircon/Alice_Johnson_4.png
                    [Status] => generated
                )

            [11] => Array
                (
                    [Name] => Test Victor
                    [Email] => 
                    [Phone] => 
                    [Business Name] => 
                    [Table Number] => 
                    [Invite Token] => ce8a1194da5cf684952efc8db4568c31
                    [Invitation URL] => http://localhost/smartinvites/assets/images/invitations/zircon/Test_Victor_5.png
                    [Status] => generated
                )

            [12] => Array
                (
                    [Name] => John Doe
                    [Email] => john.doe@example.com
                    [Phone] => 08055614455
                    [Business Name] => Acme Corp
                    [Table Number] => 1
                    [Invite Token] => 53dcccc9a793252d974787ffad425065
                    [Invitation URL] => http://localhost/smartinvites/assets/images/invitations/zircon/John_Doe_2.png
                    [Status] => generated
                )

            [13] => Array
                (
                    [Name] => Jane Smith
                    [Email] => jane.smith@example.com
                    [Phone] => 2348055614455
                    [Business Name] => Tech Ltd
                    [Table Number] => 2
                    [Invite Token] => 90bb50d7af5a02f7762ee8dde9c58133
                    [Invitation URL] => http://localhost/smartinvites/assets/images/invitations/zircon/Jane_Smith_3.png
                    [Status] => generated
                )

            [14] => Array
                (
                    [Name] => Alice Johnson
                    [Email] => alice.j@example.com
                    [Phone] => 2348055614455
                    [Business Name] => Startup Inc
                    [Table Number] => 3
                    [Invite Token] => 85c3bc439231b0ae84080670183d9761
                    [Invitation URL] => http://localhost/smartinvites/assets/images/invitations/zircon/Alice_Johnson_4.png
                    [Status] => generated
                )

            [15] => Array
                (
                    [Name] => Test Victor
                    [Email] => 
                    [Phone] => 
                    [Business Name] => 
                    [Table Number] => 
                    [Invite Token] => ce8a1194da5cf684952efc8db4568c31
                    [Invitation URL] => http://localhost/smartinvites/assets/images/invitations/zircon/Test_Victor_5.png
                    [Status] => generated
                )

        )

    [generated_invitations_2_11] => Array
        (
            [0] => Array
                (
                    [Name] => John Doe
                    [Email] => john.doe@example.com
                    [Phone] => 08055614455
                    [Business Name] => Acme Corp
                    [Table Number] => 1
                    [Invite Token] => 53dcccc9a793252d974787ffad425065
                    [Invitation URL] => http://localhost/smartinvites/assets/images/invitations/bonixliquidlegacy/John_Doe_2.png
                    [Status] => generated
                )

            [1] => Array
                (
                    [Name] => Jane Smith
                    [Email] => jane.smith@example.com
                    [Phone] => 2348055614455
                    [Business Name] => Tech Ltd
                    [Table Number] => 2
                    [Invite Token] => 90bb50d7af5a02f7762ee8dde9c58133
                    [Invitation URL] => http://localhost/smartinvites/assets/images/invitations/bonixliquidlegacy/Jane_Smith_3.png
                    [Status] => generated
                )

            [2] => Array
                (
                    [Name] => Alice Johnson
                    [Email] => alice.j@example.com
                    [Phone] => 2348055614455
                    [Business Name] => Startup Inc
                    [Table Number] => 3
                    [Invite Token] => 85c3bc439231b0ae84080670183d9761
                    [Invitation URL] => http://localhost/smartinvites/assets/images/invitations/bonixliquidlegacy/Alice_Johnson_4.png
                    [Status] => generated
                )

            [3] => Array
                (
                    [Name] => Test Victor
                    [Email] => 
                    [Phone] => 
                    [Business Name] => 
                    [Table Number] => 
                    [Invite Token] => ce8a1194da5cf684952efc8db4568c31
                    [Invitation URL] => http://localhost/smartinvites/assets/images/invitations/bonixliquidlegacy/Test_Victor_5.png
                    [Status] => generated
                )

        )

    [search] => Array
        (
            [pickup_city_id] => 1
            [dropoff_city_id] => 2
            [departure_date] => 2025-09-27
            [vehicle_type_id] => 1
            [num_seats] => 1
        )

    [pnrs] => Array
        (
            [0] => D80447T
        )

    [credits_used] => 0
    [confirmed_pnrs] => Array
        (
            [0] => D07063O
        )

    [confirmed_trip] => Array
        (
            [virtual_trip_id] => 3-2025-09-28
            [template_id] => 3
            [trip_date] => 2025-09-28
            [num_seats] => 1
            [price] => 5000
            [pickup_city_id] => 1
            [dropoff_city_id] => 2
            [pickup_city] => Abuja
            [dropoff_city] => Jos
            [capacity] => 5
            [vehicle_type] => 5 Seater Car
            [vehicle_number] => CAR002
            [driver_name] => Jane Smith
            [departure_time] => 12:00:00
            [arrival_time] => 16:00:00
        )

    [confirmed_total_amount] => 5000
    [first_pnr] => D07063O
    [user] => Array
        (
            [id] => 4
            [first_name] => Test
            [last_name] => Staff
            [email] => staff@dgctransports.com
            [phone] => 
            [password] => $2y$10$bbNBCbptITTVK1ewAkDcQOUIdc1MSrDL.lJCZSu5R0VllJ9I06UZK
            [role] => staff
            [created_at] => 2025-09-23 10:50:02
            [affiliate_id] => 
            [credits] => 0.00
        )

    [selected_trip] => Array
        (
            [virtual_trip_id] => 2-2025-09-27
            [template_id] => 2
            [trip_date] => 2025-09-27
            [num_seats] => 1
            [price] => 5000
            [pickup_city_id] => 1
            [dropoff_city_id] => 2
            [pickup_city] => Abuja
            [dropoff_city] => Jos
            [capacity] => 5
            [vehicle_type] => 5 Seater Car
            [vehicle_number] => CAR001
            [driver_name] => John Doe
            [departure_time] => 09:00:00
            [arrival_time] => 13:00:00
        )

    [selected_seats] => Array
        (
            [0] => 3
        )

    [passenger_details] => Array
        (
            [0] => Array
                (
                    [passenger_name] => Test Staff
                    [email] => staff@dgctransports.com
                    [phone] => +2348055614455
                    [seat_number] => 3
                    [emergency_contact] => 
                    [special_requests] => 
                    [pnr] => D80447T
                    [booking_id] => 27
                )

        )

    [booking_ids] => Array
        (
            [0] => 27
        )

    [total_amount] => 5000
    [payment_reference] => DGC_68d7e58954649_1758979465
)

[27-Sep-2025 15:24:36 Europe/Berlin] Updated booking ID 27 to paid and confirmed (ref: DGC_68d7e58954649_1758979465)
[27-Sep-2025 15:24:36 Europe/Berlin] Inserted payment for booking ID 27: method=card, ref=DGC_68d7e58954649_1758979465, amount=5000
[27-Sep-2025 15:24:36 Europe/Berlin] Preparing to send email with data: {"email":"staff@dgctransports.com","passenger_name":"Test Staff","pnr":"D80447T","seat_number":"3","total_amount":5000,"payment_method":"card","payment_reference":"DGC_68d7e58954649_1758979465","trip":{"pickup_city":"Abuja","dropoff_city":"Jos","trip_date":"2025-09-27","departure_time":"09:00:00","vehicle_type":"5 Seater Car","vehicle_number":"CAR001","driver_name":"John Doe"}}
[27-Sep-2025 15:24:41 Europe/Berlin] Booking confirmation email sent successfully to: staff@dgctransports.com
[27-Sep-2025 15:24:41 Europe/Berlin] Booking confirmation email sent successfully to: staff@dgctransports.com for PNR D80447T
[27-Sep-2025 15:46:59 Europe/Berlin] POST received but missing check_in or booking_id: Array
(
    [booking_id] => 27
)

[27-Sep-2025 15:47:02 Europe/Berlin] POST received but missing check_in or booking_id: Array
(
    [booking_id] => 27
)

[27-Sep-2025 15:47:33 Europe/Berlin] POST received but missing check_in or booking_id: Array
(
    [booking_id] => 27
)

[27-Sep-2025 17:13:29 Europe/Berlin] Set password email sent successfully to: victormakinde02@gmail.com
[27-Sep-2025 17:38:07 Europe/Berlin] PHP Fatal error:  Uncaught ArgumentCountError: The number of elements in the type definition string must match the number of bind variables in C:\xampp\htdocs\dgctransports\admin\edit_trip.php:78
Stack trace:
#0 C:\xampp\htdocs\dgctransports\admin\edit_trip.php(78): mysqli_stmt->bind_param('iiiisdsssi', 2, 1, 1, 5, 1, 5000.0, 'month', '', '2025-09-27', '2025-10-26', 5)
#1 {main}
  thrown in C:\xampp\htdocs\dgctransports\admin\edit_trip.php on line 78
[27-Sep-2025 17:41:18 Europe/Berlin] PHP Fatal error:  Uncaught ArgumentCountError: The number of elements in the type definition string must match the number of bind variables in C:\xampp\htdocs\dgctransports\admin\edit_trip.php:78
Stack trace:
#0 C:\xampp\htdocs\dgctransports\admin\edit_trip.php(78): mysqli_stmt->bind_param('iiiiidsssi', 2, 1, 1, 5, 1, 5000.0, 'month', '', '2025-09-27', '2025-10-26', 5)
#1 {main}
  thrown in C:\xampp\htdocs\dgctransports\admin\edit_trip.php on line 78
[27-Sep-2025 17:41:37 Europe/Berlin] PHP Fatal error:  Uncaught ArgumentCountError: The number of elements in the type definition string must match the number of bind variables in C:\xampp\htdocs\dgctransports\admin\edit_trip.php:78
Stack trace:
#0 C:\xampp\htdocs\dgctransports\admin\edit_trip.php(78): mysqli_stmt->bind_param('iiiiidsssi', 2, 1, 1, 5, 1, 5000.0, 'year', '', '2025-09-27', '2026-09-26', 5)
#1 {main}
  thrown in C:\xampp\htdocs\dgctransports\admin\edit_trip.php on line 78
[27-Sep-2025 17:42:35 Europe/Berlin] PHP Fatal error:  Uncaught ArgumentCountError: The number of elements in the type definition string must match the number of bind variables in C:\xampp\htdocs\dgctransports\admin\edit_trip.php:78
Stack trace:
#0 C:\xampp\htdocs\dgctransports\admin\edit_trip.php(78): mysqli_stmt->bind_param('iiiiidsssi', 2, 1, 1, 5, 1, 5000.0, 'year', '', '2025-09-27', '2026-09-26', 5)
#1 {main}
  thrown in C:\xampp\htdocs\dgctransports\admin\edit_trip.php on line 78
[27-Sep-2025 17:42:37 Europe/Berlin] PHP Fatal error:  Uncaught ArgumentCountError: The number of elements in the type definition string must match the number of bind variables in C:\xampp\htdocs\dgctransports\admin\edit_trip.php:78
Stack trace:
#0 C:\xampp\htdocs\dgctransports\admin\edit_trip.php(78): mysqli_stmt->bind_param('iiiiidsssi', 2, 1, 1, 5, 1, 5000.0, 'year', '', '2025-09-27', '2026-09-26', 5)
#1 {main}
  thrown in C:\xampp\htdocs\dgctransports\admin\edit_trip.php on line 78
[27-Sep-2025 18:04:40 Europe/Berlin] PHP Fatal error:  Uncaught Error: Call to undefined function time_elapsed_string() in C:\xampp\htdocs\dgctransports\admin\view_bookings.php:691
Stack trace:
#0 {main}
  thrown in C:\xampp\htdocs\dgctransports\admin\view_bookings.php on line 691
[28-Sep-2025 10:59:11 Europe/Berlin] PHP Deprecated:  Constant FILTER_SANITIZE_STRING is deprecated in C:\xampp\htdocs\dgctransports\contact.php on line 31
[28-Sep-2025 10:59:11 Europe/Berlin] PHP Deprecated:  Constant FILTER_SANITIZE_STRING is deprecated in C:\xampp\htdocs\dgctransports\contact.php on line 33
[28-Sep-2025 10:59:11 Europe/Berlin] PHP Deprecated:  Constant FILTER_SANITIZE_STRING is deprecated in C:\xampp\htdocs\dgctransports\contact.php on line 34
[28-Sep-2025 10:59:11 Europe/Berlin] User email template not found: C:\xampp\htdocs\dgctransports/templates/email_contact_user.php
[28-Sep-2025 10:59:11 Europe/Berlin] PHP Fatal error:  Uncaught Error: Call to undefined function logEmail() in C:\xampp\htdocs\dgctransports\contact.php:142
Stack trace:
#0 C:\xampp\htdocs\dgctransports\contact.php(59): sendContactUserEmail(Array)
#1 {main}
  thrown in C:\xampp\htdocs\dgctransports\contact.php on line 142
[28-Sep-2025 10:59:45 Europe/Berlin] PHP Deprecated:  Constant FILTER_SANITIZE_STRING is deprecated in C:\xampp\htdocs\dgctransports\contact.php on line 31
[28-Sep-2025 10:59:45 Europe/Berlin] PHP Deprecated:  Constant FILTER_SANITIZE_STRING is deprecated in C:\xampp\htdocs\dgctransports\contact.php on line 33
[28-Sep-2025 10:59:45 Europe/Berlin] PHP Deprecated:  Constant FILTER_SANITIZE_STRING is deprecated in C:\xampp\htdocs\dgctransports\contact.php on line 34
[28-Sep-2025 10:59:45 Europe/Berlin] User email template not found: C:\xampp\htdocs\dgctransports/templates/email_contact_user.php
[28-Sep-2025 10:59:45 Europe/Berlin] PHP Fatal error:  Uncaught Error: Call to undefined function logEmail() in C:\xampp\htdocs\dgctransports\contact.php:142
Stack trace:
#0 C:\xampp\htdocs\dgctransports\contact.php(59): sendContactUserEmail(Array)
#1 {main}
  thrown in C:\xampp\htdocs\dgctransports\contact.php on line 142
[28-Sep-2025 11:04:44 Europe/Berlin] PHP Fatal error:  Uncaught Error: Call to undefined function sendPasswordResetEmail() in C:\xampp\htdocs\dgctransports\forgot_password.php:51
Stack trace:
#0 {main}
  thrown in C:\xampp\htdocs\dgctransports\forgot_password.php on line 51
[28-Sep-2025 11:07:33 Europe/Berlin] PHP Fatal error:  Uncaught mysqli_sql_exception: Duplicate entry 'zigamakinde@gmail.com' for key 'PRIMARY' in C:\xampp\htdocs\dgctransports\forgot_password.php:41
Stack trace:
#0 C:\xampp\htdocs\dgctransports\forgot_password.php(41): mysqli_stmt->execute()
#1 {main}
  thrown in C:\xampp\htdocs\dgctransports\forgot_password.php on line 41
[28-Sep-2025 11:13:07 Europe/Berlin] PHP Warning:  Undefined variable $reset_data in C:\xampp\htdocs\dgctransports\includes\templates\email_forgot_password.php on line 14
[28-Sep-2025 11:13:07 Europe/Berlin] PHP Warning:  Trying to access array offset on value of type null in C:\xampp\htdocs\dgctransports\includes\templates\email_forgot_password.php on line 14
[28-Sep-2025 11:13:07 Europe/Berlin] PHP Deprecated:  htmlspecialchars(): Passing null to parameter #1 ($string) of type string is deprecated in C:\xampp\htdocs\dgctransports\includes\templates\email_forgot_password.php on line 14
[28-Sep-2025 11:13:07 Europe/Berlin] PHP Warning:  Undefined variable $reset_data in C:\xampp\htdocs\dgctransports\includes\templates\email_forgot_password.php on line 19
[28-Sep-2025 11:13:07 Europe/Berlin] PHP Warning:  Trying to access array offset on value of type null in C:\xampp\htdocs\dgctransports\includes\templates\email_forgot_password.php on line 19
[28-Sep-2025 11:13:07 Europe/Berlin] PHP Deprecated:  htmlspecialchars(): Passing null to parameter #1 ($string) of type string is deprecated in C:\xampp\htdocs\dgctransports\includes\templates\email_forgot_password.php on line 19
[28-Sep-2025 11:13:07 Europe/Berlin] PHP Warning:  Undefined variable $reset_data in C:\xampp\htdocs\dgctransports\includes\templates\email_forgot_password.php on line 25
[28-Sep-2025 11:13:07 Europe/Berlin] PHP Warning:  Trying to access array offset on value of type null in C:\xampp\htdocs\dgctransports\includes\templates\email_forgot_password.php on line 25
[28-Sep-2025 11:13:07 Europe/Berlin] PHP Deprecated:  htmlspecialchars(): Passing null to parameter #1 ($string) of type string is deprecated in C:\xampp\htdocs\dgctransports\includes\templates\email_forgot_password.php on line 25
[28-Sep-2025 11:13:11 Europe/Berlin] Forgot password link sent to: zigamakinde@gmail.com to: zigamakinde@gmail.com
[28-Sep-2025 11:18:24 Europe/Berlin] Forgot password link sent to: zigamakinde@gmail.com to: zigamakinde@gmail.com
[28-Sep-2025 11:28:35 Europe/Berlin] Email template not found: C:\xampp\htdocs\dgctransports/templates/email_contact_user.php
[28-Sep-2025 11:28:35 Europe/Berlin] PHPMailer Error (contact_user): 
[28-Sep-2025 11:28:35 Europe/Berlin] Email template not found: C:\xampp\htdocs\dgctransports/templates/email_contact_admin.php
[28-Sep-2025 11:28:35 Europe/Berlin] PHPMailer Error (contact_admin): 
[28-Sep-2025 11:29:34 Europe/Berlin] Forgot password link sent to: zigamakinde@gmail.com to: zigamakinde@gmail.com
[28-Sep-2025 11:35:41 Europe/Berlin] Contact confirmation sent to: zigamakinde@gmail.com to: zigamakinde@gmail.com
[28-Sep-2025 11:35:45 Europe/Berlin] Contact notification sent to admin to: admin@dgctransports.com
[28-Sep-2025 13:07:40 Europe/Berlin] PHP Warning:  Undefined array key "name" in C:\xampp\htdocs\dgctransports\bookings\process_charter.php on line 27
[28-Sep-2025 13:07:40 Europe/Berlin] PHP Warning:  Undefined array key "pickup_location" in C:\xampp\htdocs\dgctransports\bookings\process_charter.php on line 27
[28-Sep-2025 13:07:40 Europe/Berlin] PHP Warning:  Undefined array key "dropoff_location" in C:\xampp\htdocs\dgctransports\bookings\process_charter.php on line 27
[28-Sep-2025 13:07:40 Europe/Berlin] PHP Warning:  Undefined array key "passengers" in C:\xampp\htdocs\dgctransports\bookings\process_charter.php on line 27
[28-Sep-2025 13:07:44 Europe/Berlin] PHP Warning:  Undefined array key "name" in C:\xampp\htdocs\dgctransports\bookings\process_charter.php on line 27
[28-Sep-2025 13:07:44 Europe/Berlin] PHP Warning:  Undefined array key "pickup_location" in C:\xampp\htdocs\dgctransports\bookings\process_charter.php on line 27
[28-Sep-2025 13:07:44 Europe/Berlin] PHP Warning:  Undefined array key "dropoff_location" in C:\xampp\htdocs\dgctransports\bookings\process_charter.php on line 27
[28-Sep-2025 13:07:44 Europe/Berlin] PHP Warning:  Undefined array key "passengers" in C:\xampp\htdocs\dgctransports\bookings\process_charter.php on line 27
[28-Sep-2025 13:09:37 Europe/Berlin] PHP Fatal error:  Uncaught Error: Call to undefined function sendCharterUserConfirmationEmail() in C:\xampp\htdocs\dgctransports\bookings\process_charter.php:129
Stack trace:
#0 {main}
  thrown in C:\xampp\htdocs\dgctransports\bookings\process_charter.php on line 129
[28-Sep-2025 13:17:40 Europe/Berlin] PHP Fatal error:  Uncaught Error: Call to undefined function sendCharterUserConfirmationEmail() in C:\xampp\htdocs\dgctransports\bookings\process_charter.php:129
Stack trace:
#0 {main}
  thrown in C:\xampp\htdocs\dgctransports\bookings\process_charter.php on line 129
[28-Sep-2025 13:18:44 Europe/Berlin] PHP Warning:  Undefined array key "name" in C:\xampp\htdocs\dgctransports\includes\send_email.php on line 236
[28-Sep-2025 13:18:44 Europe/Berlin] PHP Warning:  Undefined array key "name" in C:\xampp\htdocs\dgctransports\includes\send_email.php on line 274
[28-Sep-2025 13:18:44 Europe/Berlin] PHP Warning:  Undefined array key "name" in C:\xampp\htdocs\dgctransports\includes\send_email.php on line 277
[28-Sep-2025 13:18:44 Europe/Berlin] PHP Warning:  Undefined array key "passengers" in C:\xampp\htdocs\dgctransports\includes\send_email.php on line 285
[28-Sep-2025 13:18:49 Europe/Berlin] Charter request confirmation sent to: zigamakinde@gmail.com to: zigamakinde@gmail.com
[28-Sep-2025 13:18:49 Europe/Berlin] PHP Warning:  Undefined array key "name" in C:\xampp\htdocs\dgctransports\includes\send_email.php on line 260
[28-Sep-2025 13:18:49 Europe/Berlin] PHP Warning:  Undefined array key "name" in C:\xampp\htdocs\dgctransports\includes\send_email.php on line 261
[28-Sep-2025 13:18:49 Europe/Berlin] PHP Warning:  Undefined array key "name" in C:\xampp\htdocs\dgctransports\includes\send_email.php on line 300
[28-Sep-2025 13:18:49 Europe/Berlin] PHP Warning:  Undefined array key "passengers" in C:\xampp\htdocs\dgctransports\includes\send_email.php on line 308
[28-Sep-2025 13:18:53 Europe/Berlin] PHP Warning:  Undefined array key "name" in C:\xampp\htdocs\dgctransports\includes\send_email.php on line 236
[28-Sep-2025 13:18:53 Europe/Berlin] PHP Warning:  Undefined array key "name" in C:\xampp\htdocs\dgctransports\includes\send_email.php on line 274
[28-Sep-2025 13:18:53 Europe/Berlin] PHP Warning:  Undefined array key "name" in C:\xampp\htdocs\dgctransports\includes\send_email.php on line 277
[28-Sep-2025 13:18:53 Europe/Berlin] PHP Warning:  Undefined array key "passengers" in C:\xampp\htdocs\dgctransports\includes\send_email.php on line 285
[28-Sep-2025 13:18:53 Europe/Berlin] New charter request notification sent to admin/staff. to: admin@dgctransports.com
[28-Sep-2025 13:18:57 Europe/Berlin] Charter request confirmation sent to: zigamakinde@gmail.com to: zigamakinde@gmail.com
[28-Sep-2025 13:18:57 Europe/Berlin] PHP Warning:  Undefined array key "name" in C:\xampp\htdocs\dgctransports\includes\send_email.php on line 260
[28-Sep-2025 13:18:57 Europe/Berlin] PHP Warning:  Undefined array key "name" in C:\xampp\htdocs\dgctransports\includes\send_email.php on line 261
[28-Sep-2025 13:18:57 Europe/Berlin] PHP Warning:  Undefined array key "name" in C:\xampp\htdocs\dgctransports\includes\send_email.php on line 300
[28-Sep-2025 13:18:57 Europe/Berlin] PHP Warning:  Undefined array key "passengers" in C:\xampp\htdocs\dgctransports\includes\send_email.php on line 308
[28-Sep-2025 13:19:01 Europe/Berlin] New charter request notification sent to admin/staff. to: admin@dgctransports.com
[28-Sep-2025 13:25:28 Europe/Berlin] Charter request confirmation sent to: zigamakinde@gmail.com to: zigamakinde@gmail.com
[28-Sep-2025 13:25:32 Europe/Berlin] New charter request notification sent to admin/staff. to: admin@dgctransports.com
[28-Sep-2025 13:25:53 Europe/Berlin] Charter request confirmation sent to: zigamakinde@gmail.com to: zigamakinde@gmail.com
[28-Sep-2025 13:25:57 Europe/Berlin] New charter request notification sent to admin/staff. to: admin@dgctransports.com
[28-Sep-2025 14:41:21 Europe/Berlin] PHP Warning:  Undefined array key "pickup_city_id" in C:\xampp\htdocs\dgctransports\bookings\process_charter.php on line 28
[28-Sep-2025 14:41:21 Europe/Berlin] PHP Warning:  Undefined array key "dropoff_city_id" in C:\xampp\htdocs\dgctransports\bookings\process_charter.php on line 28
[28-Sep-2025 14:41:36 Europe/Berlin] PHP Warning:  Undefined array key "pickup_city_id" in C:\xampp\htdocs\dgctransports\bookings\process_charter.php on line 28
[28-Sep-2025 14:41:36 Europe/Berlin] PHP Warning:  Undefined array key "dropoff_city_id" in C:\xampp\htdocs\dgctransports\bookings\process_charter.php on line 28
[28-Sep-2025 14:43:17 Europe/Berlin] Charter request confirmation sent to: nipavaco@mailinator.com to: nipavaco@mailinator.com
[28-Sep-2025 14:43:22 Europe/Berlin] New charter request notification sent to admin/staff. to: admin@dgctransports.com
[28-Sep-2025 15:08:47 Europe/Berlin] PHP Warning:  Undefined variable $reset_data in C:\xampp\htdocs\dgctransports\includes\templates\email_set_password.php on line 14
[28-Sep-2025 15:08:47 Europe/Berlin] PHP Warning:  Trying to access array offset on value of type null in C:\xampp\htdocs\dgctransports\includes\templates\email_set_password.php on line 14
[28-Sep-2025 15:08:47 Europe/Berlin] PHP Warning:  Undefined variable $reset_data in C:\xampp\htdocs\dgctransports\includes\templates\email_set_password.php on line 19
[28-Sep-2025 15:08:47 Europe/Berlin] PHP Warning:  Trying to access array offset on value of type null in C:\xampp\htdocs\dgctransports\includes\templates\email_set_password.php on line 19
[28-Sep-2025 15:08:47 Europe/Berlin] PHP Warning:  Undefined variable $reset_data in C:\xampp\htdocs\dgctransports\includes\templates\email_set_password.php on line 25
[28-Sep-2025 15:08:47 Europe/Berlin] PHP Warning:  Trying to access array offset on value of type null in C:\xampp\htdocs\dgctransports\includes\templates\email_set_password.php on line 25
[28-Sep-2025 15:08:51 Europe/Berlin] Set password link sent to: zigamakinde@gmail.com to: zigamakinde@gmail.com
[28-Sep-2025 15:10:54 Europe/Berlin] Set password link sent to: zigamakinde@gmail.com to: zigamakinde@gmail.com
[28-Sep-2025 15:27:49 Europe/Berlin] PHP Warning:  Undefined variable $pdo in C:\xampp\htdocs\dgctransports\bookings\passenger_details.php on line 43
[28-Sep-2025 15:27:49 Europe/Berlin] PHP Fatal error:  Uncaught Error: Call to a member function prepare() on null in C:\xampp\htdocs\dgctransports\bookings\passenger_details.php:43
Stack trace:
#0 {main}
  thrown in C:\xampp\htdocs\dgctransports\bookings\passenger_details.php on line 43
[28-Sep-2025 15:33:39 Europe/Berlin] Database query error: Unknown column 'free_booking_used' in 'field list'
[28-Sep-2025 15:34:08 Europe/Berlin] PHP Fatal error:  Uncaught ArgumentCountError: The number of elements in the type definition string must match the number of bind variables in C:\xampp\htdocs\dgctransports\bookings\search_trips.php:180
Stack trace:
#0 C:\xampp\htdocs\dgctransports\bookings\search_trips.php(180): mysqli_stmt->bind_param('ssiissi', '2025-09-21', '2025-10-05', '2025-09-21', '2025-10-05', 2, 1, '2025-09-21', '2025-10-05', 1)
#1 {main}
  thrown in C:\xampp\htdocs\dgctransports\bookings\search_trips.php on line 180
[28-Sep-2025 15:34:32 Europe/Berlin] process_booking.php accessed - Method: POST
[28-Sep-2025 15:34:32 Europe/Berlin] POST data received: Array
(
    [free_booking] => 0
    [passengers] => Array
        (
            [0] => Array
                (
                    [name] => VICTOR OLUWASEGUN MAKINDE
                    [seat_number] => 3
                    [email] => zigamakinde@gmail.com
                    [phone] => +2348055614455
                    [emergency_contact] => 
                )

        )

    [special_requests] => 
    [referral_code] => 
    [terms] => on
)

[28-Sep-2025 15:34:32 Europe/Berlin] Session data: Array
(
    [search] => Array
        (
            [pickup_city_id] => 2
            [dropoff_city_id] => 1
            [departure_date] => 2025-09-28
            [vehicle_type_id] => 1
            [num_seats] => 1
        )

    [selected_trip] => Array
        (
            [virtual_trip_id] => 5-2025-09-28
            [template_id] => 5
            [trip_date] => 2025-09-28
            [num_seats] => 1
            [price] => 5000
            [pickup_city_id] => 2
            [dropoff_city_id] => 1
            [pickup_city] => Jos
            [dropoff_city] => Abuja
            [capacity] => 5
            [vehicle_type] => 5 Seater Car
            [vehicle_number] => CAR001
            [driver_name] => 
            [departure_time] => 07:00:00
            [arrival_time] => 11:00:00
        )

    [selected_seats] => Array
        (
            [0] => 3
        )

)

[28-Sep-2025 15:34:32 Europe/Berlin] Selected trip details: {"virtual_trip_id":"5-2025-09-28","template_id":5,"trip_date":"2025-09-28","num_seats":1,"price":5000,"pickup_city_id":2,"dropoff_city_id":1,"pickup_city":"Jos","dropoff_city":"Abuja","capacity":5,"vehicle_type":"5 Seater Car","vehicle_number":"CAR001","driver_name":null,"departure_time":"07:00:00","arrival_time":"11:00:00"}
[28-Sep-2025 15:34:32 Europe/Berlin] Created new trip instance with ID: 11 for template_id 5 and trip_date 2025-09-28
[28-Sep-2025 15:34:32 Europe/Berlin] Created booking ID: 28 with PNR: D99114V for passenger: VICTOR OLUWASEGUN MAKINDE
[28-Sep-2025 15:34:32 Europe/Berlin] Successfully created 1 bookings: 28
[28-Sep-2025 15:34:32 Europe/Berlin] Total amount to pay (after credits): ₦5000, Credits used: ₦0
[28-Sep-2025 15:34:32 Europe/Berlin] PHP Warning:  Undefined array key "name" in C:\xampp\htdocs\dgctransports\bookings\paystack.php on line 49
[28-Sep-2025 15:34:32 Europe/Berlin] PHP Warning:  Undefined array key "name" in C:\xampp\htdocs\dgctransports\bookings\paystack.php on line 168
[28-Sep-2025 15:34:32 Europe/Berlin] PHP Deprecated:  htmlspecialchars(): Passing null to parameter #1 ($string) of type string is deprecated in C:\xampp\htdocs\dgctransports\bookings\paystack.php on line 168
[28-Sep-2025 15:34:57 Europe/Berlin] Database query error: Unknown column 'free_booking_used' in 'field list'
[28-Sep-2025 15:35:23 Europe/Berlin] Database query error: Unknown column 'free_booking_used' in 'field list'
[28-Sep-2025 15:37:03 Europe/Berlin] Database query error: Unknown column 'free_booking_used' in 'field list'
[28-Sep-2025 15:39:23 Europe/Berlin] Database query error: Unknown column 'user_email' in 'where clause'
[28-Sep-2025 15:39:23 Europe/Berlin] Database query error: Unknown column 'user_email' in 'where clause'
[28-Sep-2025 15:39:27 Europe/Berlin] Database query error: Unknown column 'user_email' in 'where clause'
[28-Sep-2025 15:49:22 Europe/Berlin] process_booking.php accessed - Method: POST
[28-Sep-2025 15:49:22 Europe/Berlin] POST data received: Array
(
    [free_booking] => 0
    [passengers] => Array
        (
            [0] => Array
                (
                    [name] => VICTOR OLUWASEGUN MAKINDE
                    [seat_number] => 3
                    [email] => zigamakinde@gmail.com
                    [phone] => +2348055614455
                    [emergency_contact] => 
                )

        )

    [special_requests] => 
    [referral_code] => 
    [terms] => on
)

[28-Sep-2025 15:49:22 Europe/Berlin] Session data: Array
(
    [user] => Array
        (
            [id] => 8
            [first_name] => 
            [last_name] => 
            [email] => zigamakinde@gmail.com
            [phone] => 
            [password] => $2y$10$lw3en9OGTtrmEjfgu2juRePPnZgU/4dKHeWo9inRz6EDP55tDT4By
            [role] => customer
            [created_at] => 2025-09-28 14:10:50
            [affiliate_id] => 
            [credits] => 0.00
        )

    [search] => Array
        (
            [pickup_city_id] => 1
            [dropoff_city_id] => 2
            [departure_date] => 2025-09-30
            [vehicle_type_id] => 1
            [num_seats] => 1
        )

    [selected_trip] => Array
        (
            [virtual_trip_id] => 2-2025-09-30
            [template_id] => 2
            [trip_date] => 2025-09-30
            [num_seats] => 1
            [price] => 5000
            [pickup_city_id] => 1
            [dropoff_city_id] => 2
            [pickup_city] => Abuja
            [dropoff_city] => Jos
            [capacity] => 5
            [vehicle_type] => 5 Seater Car
            [vehicle_number] => CAR001
            [driver_name] => 
            [departure_time] => 09:00:00
            [arrival_time] => 13:00:00
        )

    [selected_seats] => Array
        (
            [0] => 3
        )

)

[28-Sep-2025 15:49:22 Europe/Berlin] Selected trip details: {"virtual_trip_id":"2-2025-09-30","template_id":2,"trip_date":"2025-09-30","num_seats":1,"price":5000,"pickup_city_id":1,"dropoff_city_id":2,"pickup_city":"Abuja","dropoff_city":"Jos","capacity":5,"vehicle_type":"5 Seater Car","vehicle_number":"CAR001","driver_name":null,"departure_time":"09:00:00","arrival_time":"13:00:00"}
[28-Sep-2025 15:49:22 Europe/Berlin] Created new trip instance with ID: 12 for template_id 2 and trip_date 2025-09-30
[28-Sep-2025 15:49:22 Europe/Berlin] Created booking ID: 29 with PNR: D70859J for passenger: VICTOR OLUWASEGUN MAKINDE
[28-Sep-2025 15:49:22 Europe/Berlin] Successfully created 1 bookings: 29
[28-Sep-2025 15:49:22 Europe/Berlin] Total amount to pay (after credits): ₦5000, Credits used: ₦0
[28-Sep-2025 15:49:22 Europe/Berlin] PHP Warning:  Undefined array key "name" in C:\xampp\htdocs\dgctransports\bookings\paystack.php on line 49
[28-Sep-2025 15:49:22 Europe/Berlin] PHP Warning:  Undefined array key "name" in C:\xampp\htdocs\dgctransports\bookings\paystack.php on line 168
[28-Sep-2025 15:49:22 Europe/Berlin] PHP Deprecated:  htmlspecialchars(): Passing null to parameter #1 ($string) of type string is deprecated in C:\xampp\htdocs\dgctransports\bookings\paystack.php on line 168
[28-Sep-2025 15:52:00 Europe/Berlin] PHP Warning:  Undefined array key "name" in C:\xampp\htdocs\dgctransports\bookings\paystack.php on line 49
[28-Sep-2025 15:52:00 Europe/Berlin] PHP Warning:  Undefined array key "name" in C:\xampp\htdocs\dgctransports\bookings\paystack.php on line 168
[28-Sep-2025 15:52:00 Europe/Berlin] PHP Deprecated:  htmlspecialchars(): Passing null to parameter #1 ($string) of type string is deprecated in C:\xampp\htdocs\dgctransports\bookings\paystack.php on line 168
